<?xml version="1.0" encoding="utf-8"?><testsuites name="pytest tests"><testsuite name="pytest" errors="0" failures="1" skipped="0" tests="14" time="11.249" timestamp="2026-05-05T06:18:41.498858+00:00" hostname="agent-env-9803d5a2-b024-4b1e-b072-887048fc7966"><testcase classname="backend.tests.test_cache_simulator" name="test_health" time="0.234" /><testcase classname="backend.tests.test_cache_simulator" name="test_state_default_three_nodes_and_ring" time="0.210" /><testcase classname="backend.tests.test_cache_simulator" name="test_set_get_delete_key_flow" time="0.591" /><testcase classname="backend.tests.test_cache_simulator" name="test_get_nonexistent_is_miss_and_counted" time="0.415" /><testcase classname="backend.tests.test_cache_simulator" name="test_lookup_returns_primary_replicas_angle" time="0.227" /><testcase classname="backend.tests.test_cache_simulator" name="test_config_policy_switch_to_lfu" time="0.384" /><testcase classname="backend.tests.test_cache_simulator" name="test_lru_eviction_when_capacity_reduced" time="1.726" /><testcase classname="backend.tests.test_cache_simulator" name="test_replication_factor_two_populates_two_nodes" time="0.520" /><testcase classname="backend.tests.test_cache_simulator" name="test_artificial_latency_applied" time="0.599" /><testcase classname="backend.tests.test_cache_simulator" name="test_add_and_remove_node_with_migration" time="3.070" /><testcase classname="backend.tests.test_cache_simulator" name="test_ttl_expires" time="1.688" /><testcase classname="backend.tests.test_cache_simulator" name="test_metrics_shape_and_per_node" time="0.536" /><testcase classname="backend.tests.test_cache_simulator" name="test_logs_and_clear" time="0.407"><failure message="AssertionError: assert False&#10; +  where False = isinstance({'logs': [{'event': 'HIT', 'key': 'TEST_log', 'message': 'GET TEST_log @ node-3 -&gt; HIT', 'nodeId': 'node-3', ...}, {'event': 'SET', 'evicted': None, 'key': 'TEST_log', 'message': 'SET TEST_log -&gt; node-3', ...}, {'event': 'CONFIG', 'message': 'Cluster reset to defaults', 'ts': '2026-05-05T06:18:51.892Z'}, {'event': 'NODE_ADD', 'message': 'Added node-3', 'nodeId': 'node-3', 'ts': '2026-05-05T06:18:51.892Z'}, {'event': 'NODE_ADD', 'message': 'Added node-2', 'nodeId': 'node-2', 'ts': '2026-05-05T06:18:51.892Z'}, {'event': 'NODE_ADD', 'message': 'Added node-1', 'nodeId': 'node-1', 'ts': '2026-05-05T06:18:51.892Z'}]}, list)">backend/tests/test_cache_simulator.py:216: in test_logs_and_clear
    assert isinstance(logs, list)
E   AssertionError: assert False
E    +  where False = isinstance({'logs': [{'event': 'HIT', 'key': 'TEST_log', 'message': 'GET TEST_log @ node-3 -&gt; HIT', 'nodeId': 'node-3', ...}, {'event': 'SET', 'evicted': None, 'key': 'TEST_log', 'message': 'SET TEST_log -&gt; node-3', ...}, {'event': 'CONFIG', 'message': 'Cluster reset to defaults', 'ts': '2026-05-05T06:18:51.892Z'}, {'event': 'NODE_ADD', 'message': 'Added node-3', 'nodeId': 'node-3', 'ts': '2026-05-05T06:18:51.892Z'}, {'event': 'NODE_ADD', 'message': 'Added node-2', 'nodeId': 'node-2', 'ts': '2026-05-05T06:18:51.892Z'}, {'event': 'NODE_ADD', 'message': 'Added node-1', 'nodeId': 'node-1', 'ts': '2026-05-05T06:18:51.892Z'}]}, list)</failure></testcase><testcase classname="backend.tests.test_cache_simulator" name="test_reset_returns_three_nodes_and_lru" time="0.514" /></testsuite></testsuites>