<?xml version="1.0" encoding="utf-8"?><testsuites name="pytest tests"><testsuite name="pytest" errors="0" failures="0" skipped="0" tests="18" time="36.444" timestamp="2026-05-05T06:28:57.547143+00:00" hostname="agent-env-9803d5a2-b024-4b1e-b072-887048fc7966"><testcase classname="backend.tests.test_cache_simulator" name="test_health" time="0.338" /><testcase classname="backend.tests.test_cache_simulator" name="test_state_default_three_nodes_and_ring" time="0.210" /><testcase classname="backend.tests.test_cache_simulator" name="test_set_get_delete_key_flow" time="0.555" /><testcase classname="backend.tests.test_cache_simulator" name="test_get_nonexistent_is_miss_and_counted" time="0.435" /><testcase classname="backend.tests.test_cache_simulator" name="test_lookup_returns_primary_replicas_angle" time="0.197" /><testcase classname="backend.tests.test_cache_simulator" name="test_config_policy_switch_to_lfu" time="0.299" /><testcase classname="backend.tests.test_cache_simulator" name="test_lru_eviction_when_capacity_reduced" time="1.705" /><testcase classname="backend.tests.test_cache_simulator" name="test_replication_factor_two_populates_two_nodes" time="0.529" /><testcase classname="backend.tests.test_cache_simulator" name="test_artificial_latency_applied" time="0.586" /><testcase classname="backend.tests.test_cache_simulator" name="test_add_and_remove_node_with_migration" time="3.053" /><testcase classname="backend.tests.test_cache_simulator" name="test_ttl_expires" time="1.597" /><testcase classname="backend.tests.test_cache_simulator" name="test_metrics_shape_and_per_node" time="0.506" /><testcase classname="backend.tests.test_cache_simulator" name="test_logs_and_clear" time="0.656" /><testcase classname="backend.tests.test_cache_simulator" name="test_reset_returns_three_nodes_and_lru" time="0.514" /><testcase classname="backend.tests.test_cache_simulator" name="test_add_node_rebalance_log_contains_migrations_payload" time="2.357" /><testcase classname="backend.tests.test_cache_simulator" name="test_empty_cluster_add_emits_no_migrations" time="0.407" /><testcase classname="backend.tests.test_cache_simulator" name="test_remove_node_log_contains_migrations_with_from_angle_preserved" time="22.027" /><testcase classname="backend.tests.test_cache_simulator" name="test_remove_empty_node_emits_no_migrations" time="0.401" /></testsuite></testsuites>